TRecS 1.17: Type-based model checker for higher-order recursion schemes
analyzing minicaml-k_main.hors...
KBindT_1 : 
  Top -> 3 -> qVar -> qK
  
Append_1 : 
  2 -> qVar -> qVars
  
KPut_1 : 
  Top -> Top -> qVar -> qK
  
KBind_1 : 
  qVar -> Top -> 3 -> qVar -> qK
  
G_1 : 
  0 -> qK
  
KApp_1 : 
  3 -> qVar -> qK
  
Bind_1 : 
  qVar -> qVars -> 3 -> qK
  
RSFDStart : 
  qK
  
KIf2_1 : 
  (qVar -> qVar -> qK -> qK -> qK) -> 0 -> 0 -> qVar -> qVar -> qK
  
KArray2_1 : 
  qVar -> qVar -> qK
  
KPut2_1 : 
  Top -> qVar -> qVar -> qK
  
CASE6 : 
  4 -> (qVar -> qK) -> qK
  
CASE5 : 
  
KArray_1 : 
  Top -> qVar -> qK
  
CASE4 : 
  qK
  
CASE3 : 
  
CASE2 : 
  
Insert_let2_1 : 
  4 -> (qVar -> qK) -> qK
  
CASE1 : 
  qK
  
KBinOp_1 : 
  (qVar -> qVar -> qK) -> Top -> qVar -> qK
  
KIf_1 : 
  (qVar -> qVar -> qK -> qK -> qK) -> Top -> 0 -> 0 -> qVar -> qK
  
KLetTuple_1 : 
  2 -> 0 -> qVar -> qK
  
Copy_1 : 
  1 -> qVar
  2 -> qVars
  4 -> qK
  
BindT_1 : 
  qVars -> 3 -> qK
  
Insert_let_1 : 
  Top -> (qVar -> qK) -> qK
  
The number of expansions: 614
Elapsed Time: 0.016sec
